2017/03/21 13:15:46 [error] [exception.CHttpException.404] exception 'CHttpException' with message 'The system is unable to find the requested action "lo".' in /var/www/html/yii/framework/web/CController.php:483
Stack trace:
#0 /var/www/html/yii/framework/web/CController.php(270): CController->missingAction('lo')
#1 /var/www/html/yii/framework/web/CWebApplication.php(282): CController->run('lo')
#2 /var/www/html/yii/framework/web/CWebApplication.php(141): CWebApplication->runController('site/lo')
#3 /var/www/html/yii/framework/base/CApplication.php(185): CWebApplication->processRequest()
#4 /var/www/html/yiiprogram/index.php(13): CApplication->run()
#5 {main}
REQUEST_URI=/yiiprogram/index.php/site/lo
---
2017/03/21 13:23:03 [error] [php] Object of class CHttpRequest could not be converted to string (/var/www/html/yiiprogram/protected/views/layouts/main.php:22)
Stack trace:
#0 /var/www/html/yii/framework/web/widgets/CContentDecorator.php(76): SiteController->renderFile()
#1 /var/www/html/yii/framework/web/widgets/CContentDecorator.php(54): CContentDecorator->decorate()
#2 /var/www/html/yii/framework/web/widgets/COutputProcessor.php(44): CContentDecorator->processOutput()
#3 /var/www/html/yii/framework/web/CBaseController.php(214): CContentDecorator->run()
#4 /var/www/html/yii/framework/web/CBaseController.php(308): SiteController->endWidget()
#5 /var/www/html/yiiprogram/protected/views/layouts/column1.php(6): SiteController->endContent()
#6 /var/www/html/yii/framework/web/CBaseController.php(126): require()
#7 /var/www/html/yii/framework/web/CBaseController.php(95): SiteController->renderInternal()
#8 /var/www/html/yii/framework/web/CController.php(784): SiteController->renderFile()
#9 /var/www/html/yiiprogram/protected/controllers/SiteController.php(32): SiteController->render()
#10 /var/www/html/yii/framework/web/actions/CInlineAction.php(49): SiteController->actionIndex()
#11 /var/www/html/yii/framework/web/CController.php(308): CInlineAction->runWithParams()
#12 /var/www/html/yii/framework/web/CController.php(286): SiteController->runAction()
#13 /var/www/html/yii/framework/web/CController.php(265): SiteController->runActionWithFilters()
#14 /var/www/html/yii/framework/web/CWebApplication.php(282): SiteController->run()
#15 /var/www/html/yii/framework/web/CWebApplication.php(141): CWebApplication->runController()
#16 /var/www/html/yii/framework/base/CApplication.php(185): CWebApplication->processRequest()
#17 /var/www/html/yiiprogram/index.php(13): CWebApplication->run()
REQUEST_URI=/yiiprogram/index.php/site/index
in /var/www/html/yiiprogram/protected/views/layouts/main.php (22)
in /var/www/html/yiiprogram/protected/views/layouts/column1.php (6)
in /var/www/html/yiiprogram/protected/controllers/SiteController.php (32)
2017/03/21 13:23:26 [error] [php] Object of class CWebApplication could not be converted to string (/var/www/html/yiiprogram/protected/views/layouts/main.php:22)
Stack trace:
#0 /var/www/html/yii/framework/web/widgets/CContentDecorator.php(76): SiteController->renderFile()
#1 /var/www/html/yii/framework/web/widgets/CContentDecorator.php(54): CContentDecorator->decorate()
#2 /var/www/html/yii/framework/web/widgets/COutputProcessor.php(44): CContentDecorator->processOutput()
#3 /var/www/html/yii/framework/web/CBaseController.php(214): CContentDecorator->run()
#4 /var/www/html/yii/framework/web/CBaseController.php(308): SiteController->endWidget()
#5 /var/www/html/yiiprogram/protected/views/layouts/column1.php(6): SiteController->endContent()
#6 /var/www/html/yii/framework/web/CBaseController.php(126): require()
#7 /var/www/html/yii/framework/web/CBaseController.php(95): SiteController->renderInternal()
#8 /var/www/html/yii/framework/web/CController.php(784): SiteController->renderFile()
#9 /var/www/html/yiiprogram/protected/controllers/SiteController.php(32): SiteController->render()
#10 /var/www/html/yii/framework/web/actions/CInlineAction.php(49): SiteController->actionIndex()
#11 /var/www/html/yii/framework/web/CController.php(308): CInlineAction->runWithParams()
#12 /var/www/html/yii/framework/web/CController.php(286): SiteController->runAction()
#13 /var/www/html/yii/framework/web/CController.php(265): SiteController->runActionWithFilters()
#14 /var/www/html/yii/framework/web/CWebApplication.php(282): SiteController->run()
#15 /var/www/html/yii/framework/web/CWebApplication.php(141): CWebApplication->runController()
#16 /var/www/html/yii/framework/base/CApplication.php(185): CWebApplication->processRequest()
#17 /var/www/html/yiiprogram/index.php(13): CWebApplication->run()
REQUEST_URI=/yiiprogram/index.php/site/index
in /var/www/html/yiiprogram/protected/views/layouts/main.php (22)
in /var/www/html/yiiprogram/protected/views/layouts/column1.php (6)
in /var/www/html/yiiprogram/protected/controllers/SiteController.php (32)
2017/03/21 13:27:46 [error] [exception.CDbException] exception 'CDbException' with message 'CDbConnection failed to open the DB connection: could not find driver' in /var/www/html/yii/framework/db/CDbConnection.php:399
Stack trace:
#0 /var/www/html/yii/framework/db/CDbConnection.php(347): CDbConnection->open()
#1 /var/www/html/yii/framework/db/CDbConnection.php(325): CDbConnection->setActive(true)
#2 /var/www/html/yii/framework/base/CModule.php(394): CDbConnection->init()
#3 /var/www/html/yii/framework/base/CModule.php(103): CModule->getComponent('db')
#4 /var/www/html/yii/framework/gii/generators/model/ModelCode.php(60): CModule->__get('db')
#5 /var/www/html/yii/framework/web/CFormModel.php(39): ModelCode->init()
#6 /var/www/html/yii/framework/gii/CCodeGenerator.php(153): CFormModel->__construct()
#7 /var/www/html/yii/framework/gii/CCodeGenerator.php(63): CCodeGenerator->prepare()
#8 /var/www/html/yii/framework/web/actions/CInlineAction.php(49): CCodeGenerator->actionIndex()
#9 /var/www/html/yii/framework/web/CController.php(308): CInlineAction->runWithParams(Array)
#10 /var/www/html/yii/framework/web/CController.php(286): CController->runAction(Object(CInlineAction))
#11 /var/www/html/yii/framework/web/CController.php(265): CController->runActionWithFilters(Object(CInlineAction), Array)
#12 /var/www/html/yii/framework/web/CWebApplication.php(282): CController->run('index')
#13 /var/www/html/yii/framework/web/CWebApplication.php(141): CWebApplication->runController('gii/model/index')
#14 /var/www/html/yii/framework/base/CApplication.php(185): CWebApplication->processRequest()
#15 /var/www/html/yiiprogram/index.php(13): CApplication->run()
#16 {main}
REQUEST_URI=/yiiprogram/index.php/gii/model/index
HTTP_REFERER=http://localhost/yiiprogram/index.php/gii/default/index
---
2017/03/21 13:28:31 [error] [exception.CDbException] exception 'CDbException' with message 'CDbConnection failed to open the DB connection: SQLSTATE[28000] [1045] Access denied for user 'root'@'localhost' (using password: NO)' in /var/www/html/yii/framework/db/CDbConnection.php:399
Stack trace:
#0 /var/www/html/yii/framework/db/CDbConnection.php(347): CDbConnection->open()
#1 /var/www/html/yii/framework/db/CDbConnection.php(325): CDbConnection->setActive(true)
#2 /var/www/html/yii/framework/base/CModule.php(394): CDbConnection->init()
#3 /var/www/html/yii/framework/base/CModule.php(103): CModule->getComponent('db')
#4 /var/www/html/yii/framework/gii/generators/model/ModelCode.php(60): CModule->__get('db')
#5 /var/www/html/yii/framework/web/CFormModel.php(39): ModelCode->init()
#6 /var/www/html/yii/framework/gii/CCodeGenerator.php(153): CFormModel->__construct()
#7 /var/www/html/yii/framework/gii/CCodeGenerator.php(63): CCodeGenerator->prepare()
#8 /var/www/html/yii/framework/web/actions/CInlineAction.php(49): CCodeGenerator->actionIndex()
#9 /var/www/html/yii/framework/web/CController.php(308): CInlineAction->runWithParams(Array)
#10 /var/www/html/yii/framework/web/CController.php(286): CController->runAction(Object(CInlineAction))
#11 /var/www/html/yii/framework/web/CController.php(265): CController->runActionWithFilters(Object(CInlineAction), Array)
#12 /var/www/html/yii/framework/web/CWebApplication.php(282): CController->run('index')
#13 /var/www/html/yii/framework/web/CWebApplication.php(141): CWebApplication->runController('gii/model/index')
#14 /var/www/html/yii/framework/base/CApplication.php(185): CWebApplication->processRequest()
#15 /var/www/html/yiiprogram/index.php(13): CApplication->run()
#16 {main}
REQUEST_URI=/yiiprogram/index.php/gii/model/index
HTTP_REFERER=http://localhost/yiiprogram/index.php/gii/default/index
---
